<?xml version="1.0" encoding="UTF-8"?>
<!-- Generated by org.testng.reporters.JUnitReportReporter -->
<testsuite skipped="0" hostname="PC-PC" name="challenge.ChallengeTests" tests="3" failures="0" timestamp="04 Aug 2019 15:37:42 GMT" time="90.938" errors="0">
  <testcase name="StopParking_03" time="25.129" classname="challenge.ChallengeTests"/>
  <testcase name="NewParking_01" time="37.529" classname="challenge.ChallengeTests"/>
  <testcase name="ExtendParking_02" time="28.280" classname="challenge.ChallengeTests"/>
</testsuite> <!-- challenge.ChallengeTests -->
