<?xml version="1.0" encoding="UTF-8"?>
<!-- Generated by org.testng.reporters.JUnitReportReporter -->
<testsuite skipped="0" hostname="PC-PC" name="challenge2.ChallengeTests" tests="1" failures="0" timestamp="04 Aug 2019 01:48:30 GMT" time="32.215" errors="0">
  <testcase name="ExtendParking" time="32.215" classname="challenge2.ChallengeTests"/>
</testsuite> <!-- challenge2.ChallengeTests -->
