<?xml version="1.0" encoding="UTF-8"?>
<!-- Generated by org.testng.reporters.JUnitReportReporter -->
<testsuite skipped="0" hostname="PC-PC" name="challenge2.NewTest" tests="1" failures="0" timestamp="03 Aug 2019 14:52:22 GMT" time="0.143" errors="0">
  <testcase name="f" time="0.143" classname="challenge2.NewTest"/>
</testsuite> <!-- challenge2.NewTest -->
